2023-03-04T13:52:28.1345997 404 : [{"timestamp":"2023-03-04T19:52:28.116+00:00","status":404,"error":"Not Found","message":"No message available","path":"/balance"}]
2023-03-04T13:53:15.4692396 404 : [{"timestamp":"2023-03-04T19:53:15.468+00:00","status":404,"error":"Not Found","message":"No message available","path":"/accounts/account"}]
2023-03-04T13:55:53.3399491 404 : [{"timestamp":"2023-03-04T19:55:53.331+00:00","status":404,"error":"Not Found","message":"No message available","path":"/accounts/account"}]
2023-03-04T13:59:35.3517096 404 : [{"timestamp":"2023-03-04T19:59:35.344+00:00","status":404,"error":"Not Found","message":"No message available","path":"/accounts/account"}]
2023-03-04T14:12:32.5525216 404 : [{"timestamp":"2023-03-04T20:12:32.508+00:00","status":404,"error":"Not Found","message":"No message available","path":"/accounts/account"}]
2023-03-04T14:31:52.3443027 404 : [{"timestamp":"2023-03-04T20:31:52.300+00:00","status":404,"error":"Not Found","message":"No message available","path":"/accounts/account"}]
2023-03-04T14:40:13.5921094 404 : [{"timestamp":"2023-03-04T20:40:13.547+00:00","status":404,"error":"Not Found","message":"No message available","path":"/accounts/account"}]
2023-03-04T15:01:53.7663227 I/O error on POST request for "http://localhost:8080/login": Connection refused: connect; nested exception is java.net.ConnectException: Connection refused: connect
2023-03-04T15:05:15.8900559 404 : [{"timestamp":"2023-03-04T21:05:15.836+00:00","status":404,"error":"Not Found","message":"No message available","path":"/accounts/account"}]
2023-03-04T15:12:41.9991988 404 : [{"timestamp":"2023-03-04T21:12:41.941+00:00","status":404,"error":"Not Found","message":"No message available","path":"/accounts/account"}]
2023-03-04T15:13:47.7637325 405 : [{"timestamp":"2023-03-04T21:13:47.759+00:00","status":405,"error":"Method Not Allowed","message":"Request method 'POST' not supported","path":"/transfers/sendmoney"}]
2023-03-04T15:14:08.9496251 404 : [{"timestamp":"2023-03-04T21:14:08.939+00:00","status":404,"error":"Not Found","message":"No message available","path":"/accounts/account"}]
2023-03-04T15:14:39.0611187 404 : [{"timestamp":"2023-03-04T21:14:39.049+00:00","status":404,"error":"Not Found","message":"No message available","path":"/accounts/account"}]
2023-03-04T15:14:43.4174454 405 : [{"timestamp":"2023-03-04T21:14:43.416+00:00","status":405,"error":"Method Not Allowed","message":"Request method 'POST' not supported","path":"/transfers/sendmoney"}]
2023-03-04T15:14:51.7056049 404 : [{"timestamp":"2023-03-04T21:14:51.704+00:00","status":404,"error":"Not Found","message":"No message available","path":"/balance"}]
2023-03-04T15:15:00.775048 404 : 
2023-03-04T15:15:49.817962 404 : [{"timestamp":"2023-03-04T21:15:49.805+00:00","status":404,"error":"Not Found","message":"No message available","path":"/balance"}]
2023-03-04T15:23:58.0435883 404 : [{"timestamp":"2023-03-04T21:23:58.033+00:00","status":404,"error":"Not Found","message":"No message available","path":"/accounts/account"}]
2023-03-04T15:27:04.3687322 405 : [{"timestamp":"2023-03-04T21:27:04.364+00:00","status":405,"error":"Method Not Allowed","message":"Request method 'POST' not supported","path":"/transfers/sendmoney"}]
2023-03-04T15:29:35.0990948 404 : [{"timestamp":"2023-03-04T21:29:35.088+00:00","status":404,"error":"Not Found","message":"No message available","path":"/accounts/account"}]
2023-03-04T15:29:37.8245486 405 : [{"timestamp":"2023-03-04T21:29:37.822+00:00","status":405,"error":"Method Not Allowed","message":"Request method 'POST' not supported","path":"/transfers/sendmoney"}]
2023-03-04T15:29:40.9749366 404 : [{"timestamp":"2023-03-04T21:29:40.973+00:00","status":404,"error":"Not Found","message":"No message available","path":"/balance"}]
2023-03-04T15:30:05.5690081 404 : [{"timestamp":"2023-03-04T21:30:05.558+00:00","status":404,"error":"Not Found","message":"No message available","path":"/balance"}]
2023-03-04T15:31:25.6153773 404 : [{"timestamp":"2023-03-04T21:31:25.603+00:00","status":404,"error":"Not Found","message":"No message available","path":"/accounts/account"}]
2023-03-04T15:31:26.6732585 405 : [{"timestamp":"2023-03-04T21:31:26.672+00:00","status":405,"error":"Method Not Allowed","message":"Request method 'POST' not supported","path":"/transfers/sendmoney"}]
2023-03-04T15:32:29.7021759 404 : [{"timestamp":"2023-03-04T21:32:29.690+00:00","status":404,"error":"Not Found","message":"No message available","path":"/accounts/account"}]
2023-03-04T15:32:31.0173128 405 : [{"timestamp":"2023-03-04T21:32:31.015+00:00","status":405,"error":"Method Not Allowed","message":"Request method 'POST' not supported","path":"/transfers/sendmoney"}]
2023-03-04T15:32:51.4182903 404 : [{"timestamp":"2023-03-04T21:32:51.407+00:00","status":404,"error":"Not Found","message":"No message available","path":"/accounts/account"}]
2023-03-04T15:33:22.5785632 405 : [{"timestamp":"2023-03-04T21:33:22.575+00:00","status":405,"error":"Method Not Allowed","message":"Request method 'POST' not supported","path":"/transfers/sendmoney"}]
2023-03-04T15:33:31.7651924 404 : [{"timestamp":"2023-03-04T21:33:31.753+00:00","status":404,"error":"Not Found","message":"No message available","path":"/accounts/account"}]
2023-03-04T15:35:35.3104342 405 : [{"timestamp":"2023-03-04T21:35:35.308+00:00","status":405,"error":"Method Not Allowed","message":"Request method 'POST' not supported","path":"/transfers/sendmoney"}]
2023-03-04T15:50:33.6646163 500 : [{"timestamp":"2023-03-04T21:50:33.654+00:00","status":500,"error":"Internal Server Error","message":"PreparedStatementCallback; bad SQL grammar [INSERT INTO transfers(transfer_type_id,transfer_status_... (426 bytes)]
2023-03-04T15:50:37.3457296 404 : [{"timestamp":"2023-03-04T21:50:37.342+00:00","status":404,"error":"Not Found","message":"No message available","path":"/balance"}]
2023-03-09T21:14:44.5551884 500 : [{"timestamp":"2023-03-10T04:14:44.544+00:00","status":500,"error":"Internal Server Error","message":"PreparedStatementCallback; bad SQL grammar [INSERT INTO transfer(transfer_type_id,transfer_status_i... (505 bytes)]
2023-03-09T21:21:20.9441033 500 : [{"timestamp":"2023-03-10T04:21:20.930+00:00","status":500,"error":"Internal Server Error","message":"PreparedStatementCallback; bad SQL grammar [INSERT INTO transfer(transfer_type_id,transfer_status_i... (505 bytes)]
